{"/home/defiance/Desktop/zeebe-nestjs-transactional-email-service/backend/src/classes/EmailJobArray.ts": {"path":"/home/defiance/Desktop/zeebe-nestjs-transactional-email-service/backend/src/classes/EmailJobArray.ts","statementMap":{"0":{"start":{"line":2,"column":0},"end":{"line":2,"column":13}}},"fnMap":{},"branchMap":{},"s":{"0":1},"f":{},"b":{}}
,"/home/defiance/Desktop/zeebe-nestjs-transactional-email-service/backend/src/classes/EmailJobData.ts": {"path":"/home/defiance/Desktop/zeebe-nestjs-transactional-email-service/backend/src/classes/EmailJobData.ts","statementMap":{"0":{"start":{"line":1,"column":0},"end":{"line":1,"column":13}}},"fnMap":{"0":{"name":"(anonymous_0)","decl":{"start":{"line":7,"column":4},"end":{"line":7,"column":null}},"loc":{"start":{"line":7,"column":4},"end":{"line":9,"column":5}}}},"branchMap":{},"s":{"0":1},"f":{"0":0},"b":{}}
,"/home/defiance/Desktop/zeebe-nestjs-transactional-email-service/backend/src/controllers/app/app.controller.ts": {"path":"/home/defiance/Desktop/zeebe-nestjs-transactional-email-service/backend/src/controllers/app/app.controller.ts","statementMap":{"0":{"start":{"line":1,"column":0},"end":{"line":1,"column":69}},"1":{"start":{"line":3,"column":0},"end":{"line":3,"column":60}},"2":{"start":{"line":4,"column":0},"end":{"line":4,"column":38}},"3":{"start":{"line":6,"column":0},"end":{"line":6,"column":76}},"4":{"start":{"line":8,"column":0},"end":{"line":8,"column":53}},"5":{"start":{"line":10,"column":0},"end":{"line":10,"column":63}},"6":{"start":{"line":11,"column":0},"end":{"line":11,"column":62}},"7":{"start":{"line":16,"column":0},"end":{"line":119,"column":null}},"8":{"start":{"line":18,"column":12},"end":{"line":18,"column":22}},"9":{"start":{"line":19,"column":21},"end":{"line":19,"column":33}},"10":{"start":{"line":20,"column":54},"end":{"line":20,"column":68}},"11":{"start":{"line":21,"column":56},"end":{"line":21,"column":66}},"12":{"start":{"line":23,"column":4},"end":{"line":23,"column":63}},"13":{"start":{"line":28,"column":4},"end":{"line":28,"column":28}},"14":{"start":{"line":33,"column":21},"end":{"line":33,"column":66}},"15":{"start":{"line":35,"column":31},"end":{"line":35,"column":35}},"16":{"start":{"line":36,"column":4},"end":{"line":54,"column":7}},"17":{"start":{"line":37,"column":34},"end":{"line":37,"column":41}},"18":{"start":{"line":38,"column":6},"end":{"line":41,"column":8}},"19":{"start":{"line":42,"column":6},"end":{"line":53,"column":null}},"20":{"start":{"line":44,"column":10},"end":{"line":44,"column":45}},"21":{"start":{"line":45,"column":10},"end":{"line":45,"column":16}},"22":{"start":{"line":47,"column":10},"end":{"line":47,"column":47}},"23":{"start":{"line":48,"column":10},"end":{"line":48,"column":16}},"24":{"start":{"line":50,"column":10},"end":{"line":50,"column":47}},"25":{"start":{"line":51,"column":10},"end":{"line":51,"column":46}},"26":{"start":{"line":52,"column":10},"end":{"line":52,"column":16}},"27":{"start":{"line":58,"column":4},"end":{"line":63,"column":7}},"28":{"start":{"line":67,"column":4},"end":{"line":72,"column":7}},"29":{"start":{"line":76,"column":4},"end":{"line":81,"column":7}},"30":{"start":{"line":91,"column":4},"end":{"line":91,"column":38}},"31":{"start":{"line":92,"column":4},"end":{"line":98,"column":null}},"32":{"start":{"line":93,"column":6},"end":{"line":93,"column":53}},"33":{"start":{"line":94,"column":6},"end":{"line":94,"column":80}},"34":{"start":{"line":96,"column":6},"end":{"line":96,"column":59}},"35":{"start":{"line":97,"column":6},"end":{"line":97,"column":65}},"36":{"start":{"line":100,"column":4},"end":{"line":100,"column":23}},"37":{"start":{"line":108,"column":4},"end":{"line":108,"column":38}},"38":{"start":{"line":109,"column":4},"end":{"line":115,"column":null}},"39":{"start":{"line":110,"column":23},"end":{"line":110,"column":76}},"40":{"start":{"line":111,"column":6},"end":{"line":111,"column":50}},"41":{"start":{"line":113,"column":6},"end":{"line":113,"column":59}},"42":{"start":{"line":114,"column":6},"end":{"line":114,"column":65}},"43":{"start":{"line":117,"column":4},"end":{"line":117,"column":23}},"44":{"start":{"line":27,"column":2},"end":{"line":29,"column":null}},"45":{"start":{"line":32,"column":2},"end":{"line":55,"column":null}},"46":{"start":{"line":87,"column":2},"end":{"line":101,"column":null}},"47":{"start":{"line":104,"column":2},"end":{"line":118,"column":null}},"48":{"start":{"line":16,"column":13},"end":{"line":119,"column":null}},"49":{"start":{"line":16,"column":13},"end":{"line":16,"column":26}}},"fnMap":{"0":{"name":"(anonymous_4)","decl":{"start":{"line":17,"column":2},"end":{"line":17,"column":null}},"loc":{"start":{"line":21,"column":74},"end":{"line":24,"column":3}}},"1":{"name":"(anonymous_5)","decl":{"start":{"line":27,"column":2},"end":{"line":27,"column":13}},"loc":{"start":{"line":27,"column":13},"end":{"line":29,"column":3}}},"2":{"name":"(anonymous_6)","decl":{"start":{"line":32,"column":2},"end":{"line":32,"column":7}},"loc":{"start":{"line":32,"column":64},"end":{"line":55,"column":3}}},"3":{"name":"(anonymous_7)","decl":{"start":{"line":36,"column":35},"end":{"line":36,"column":44}},"loc":{"start":{"line":36,"column":48},"end":{"line":54,"column":5}}},"4":{"name":"(anonymous_8)","decl":{"start":{"line":57,"column":2},"end":{"line":57,"column":15}},"loc":{"start":{"line":57,"column":15},"end":{"line":64,"column":3}}},"5":{"name":"(anonymous_9)","decl":{"start":{"line":66,"column":2},"end":{"line":66,"column":13}},"loc":{"start":{"line":66,"column":13},"end":{"line":73,"column":3}}},"6":{"name":"(anonymous_10)","decl":{"start":{"line":75,"column":2},"end":{"line":75,"column":14}},"loc":{"start":{"line":75,"column":14},"end":{"line":82,"column":3}}},"7":{"name":"(anonymous_11)","decl":{"start":{"line":87,"column":2},"end":{"line":87,"column":7}},"loc":{"start":{"line":89,"column":36},"end":{"line":101,"column":3}}},"8":{"name":"(anonymous_12)","decl":{"start":{"line":104,"column":2},"end":{"line":104,"column":7}},"loc":{"start":{"line":106,"column":36},"end":{"line":118,"column":3}}}},"branchMap":{"0":{"loc":{"start":{"line":43,"column":8},"end":{"line":45,"column":16}},"type":"switch","locations":[{"start":{"line":43,"column":8},"end":{"line":45,"column":16}},{"start":{"line":46,"column":8},"end":{"line":48,"column":16}},{"start":{"line":49,"column":8},"end":{"line":52,"column":16}}]},"1":{"loc":{"start":{"line":96,"column":36},"end":{"line":96,"column":45}},"type":"cond-expr","locations":[{"start":{"line":96,"column":36},"end":{"line":96,"column":45}},{"start":{"line":96,"column":48},"end":{"line":96,"column":57}}]},"2":{"loc":{"start":{"line":97,"column":42},"end":{"line":97,"column":51}},"type":"cond-expr","locations":[{"start":{"line":97,"column":42},"end":{"line":97,"column":51}},{"start":{"line":97,"column":54},"end":{"line":97,"column":63}}]},"3":{"loc":{"start":{"line":113,"column":36},"end":{"line":113,"column":45}},"type":"cond-expr","locations":[{"start":{"line":113,"column":36},"end":{"line":113,"column":45}},{"start":{"line":113,"column":48},"end":{"line":113,"column":57}}]},"4":{"loc":{"start":{"line":114,"column":42},"end":{"line":114,"column":51}},"type":"cond-expr","locations":[{"start":{"line":114,"column":42},"end":{"line":114,"column":51}},{"start":{"line":114,"column":54},"end":{"line":114,"column":63}}]}},"s":{"0":1,"1":1,"2":1,"3":1,"4":1,"5":1,"6":1,"7":1,"8":0,"9":0,"10":0,"11":0,"12":0,"13":0,"14":0,"15":0,"16":0,"17":0,"18":0,"19":0,"20":0,"21":0,"22":0,"23":0,"24":0,"25":0,"26":0,"27":0,"28":0,"29":0,"30":0,"31":0,"32":0,"33":0,"34":0,"35":0,"36":0,"37":0,"38":0,"39":0,"40":0,"41":0,"42":0,"43":0,"44":1,"45":1,"46":1,"47":1,"48":1,"49":1},"f":{"0":0,"1":0,"2":0,"3":0,"4":0,"5":0,"6":0,"7":0,"8":0},"b":{"0":[0,0,0],"1":[0,0],"2":[0,0],"3":[0,0],"4":[0,0]}}
,"/home/defiance/Desktop/zeebe-nestjs-transactional-email-service/backend/src/gateways/socket-gateway.ts": {"path":"/home/defiance/Desktop/zeebe-nestjs-transactional-email-service/backend/src/gateways/socket-gateway.ts","statementMap":{"0":{"start":{"line":1,"column":0},"end":{"line":1,"column":146}},"1":{"start":{"line":3,"column":0},"end":{"line":3,"column":40}},"2":{"start":{"line":6,"column":0},"end":{"line":44,"column":null}},"3":{"start":{"line":9,"column":10},"end":{"line":9,"column":55}},"4":{"start":{"line":11,"column":2},"end":{"line":11,"column":15}},"5":{"start":{"line":13,"column":4},"end":{"line":13,"column":39}},"6":{"start":{"line":14,"column":4},"end":{"line":14,"column":28}},"7":{"start":{"line":18,"column":4},"end":{"line":18,"column":36}},"8":{"start":{"line":19,"column":4},"end":{"line":19,"column":32}},"9":{"start":{"line":23,"column":4},"end":{"line":23,"column":39}},"10":{"start":{"line":24,"column":4},"end":{"line":29,"column":null}},"11":{"start":{"line":24,"column":17},"end":{"line":24,"column":18}},"12":{"start":{"line":25,"column":6},"end":{"line":28,"column":null}},"13":{"start":{"line":26,"column":8},"end":{"line":26,"column":36}},"14":{"start":{"line":27,"column":8},"end":{"line":27,"column":14}},"15":{"start":{"line":30,"column":4},"end":{"line":30,"column":36}},"16":{"start":{"line":34,"column":29},"end":{"line":34,"column":52}},"17":{"start":{"line":35,"column":4},"end":{"line":37,"column":null}},"18":{"start":{"line":36,"column":6},"end":{"line":36,"column":38}},"19":{"start":{"line":42,"column":4},"end":{"line":42,"column":37}},"20":{"start":{"line":8,"column":21},"end":{"line":8,"column":null}},"21":{"start":{"line":41,"column":2},"end":{"line":43,"column":null}},"22":{"start":{"line":6,"column":13},"end":{"line":44,"column":null}},"23":{"start":{"line":6,"column":13},"end":{"line":6,"column":26}}},"fnMap":{"0":{"name":"(anonymous_2)","decl":{"start":{"line":6,"column":0},"end":{"line":6,"column":13}},"loc":{"start":{"line":6,"column":0},"end":{"line":44,"column":1}}},"1":{"name":"(anonymous_3)","decl":{"start":{"line":12,"column":2},"end":{"line":12,"column":11}},"loc":{"start":{"line":12,"column":11},"end":{"line":15,"column":3}}},"2":{"name":"(anonymous_4)","decl":{"start":{"line":17,"column":2},"end":{"line":17,"column":18}},"loc":{"start":{"line":17,"column":30},"end":{"line":20,"column":3}}},"3":{"name":"(anonymous_5)","decl":{"start":{"line":22,"column":2},"end":{"line":22,"column":18}},"loc":{"start":{"line":22,"column":25},"end":{"line":31,"column":3}}},"4":{"name":"(anonymous_6)","decl":{"start":{"line":33,"column":9},"end":{"line":33,"column":18}},"loc":{"start":{"line":33,"column":38},"end":{"line":38,"column":3}}},"5":{"name":"(anonymous_7)","decl":{"start":{"line":41,"column":2},"end":{"line":41,"column":12}},"loc":{"start":{"line":41,"column":38},"end":{"line":43,"column":3}}}},"branchMap":{"0":{"loc":{"start":{"line":25,"column":6},"end":{"line":28,"column":null}},"type":"if","locations":[{"start":{"line":25,"column":6},"end":{"line":28,"column":null}},{"start":{"line":25,"column":6},"end":{"line":28,"column":null}}]}},"s":{"0":1,"1":1,"2":1,"3":0,"4":0,"5":0,"6":0,"7":0,"8":0,"9":0,"10":0,"11":0,"12":0,"13":0,"14":0,"15":0,"16":0,"17":0,"18":0,"19":0,"20":1,"21":1,"22":1,"23":1},"f":{"0":0,"1":0,"2":0,"3":0,"4":0,"5":0},"b":{"0":[0,0]}}
,"/home/defiance/Desktop/zeebe-nestjs-transactional-email-service/backend/src/services/app/app.service.ts": {"path":"/home/defiance/Desktop/zeebe-nestjs-transactional-email-service/backend/src/services/app/app.service.ts","statementMap":{"0":{"start":{"line":1,"column":0},"end":{"line":1,"column":52}},"1":{"start":{"line":3,"column":0},"end":{"line":3,"column":58}},"2":{"start":{"line":4,"column":0},"end":{"line":4,"column":60}},"3":{"start":{"line":6,"column":0},"end":{"line":6,"column":33}},"4":{"start":{"line":7,"column":0},"end":{"line":7,"column":63}},"5":{"start":{"line":8,"column":0},"end":{"line":8,"column":50}},"6":{"start":{"line":9,"column":0},"end":{"line":9,"column":36}},"7":{"start":{"line":10,"column":0},"end":{"line":10,"column":44}},"8":{"start":{"line":11,"column":19},"end":{"line":11,"column":43}},"9":{"start":{"line":12,"column":0},"end":{"line":12,"column":27}},"10":{"start":{"line":14,"column":12},"end":{"line":14,"column":46}},"11":{"start":{"line":15,"column":15},"end":{"line":15,"column":52}},"12":{"start":{"line":16,"column":27},"end":{"line":16,"column":62}},"13":{"start":{"line":17,"column":22},"end":{"line":17,"column":66}},"14":{"start":{"line":18,"column":27},"end":{"line":18,"column":74}},"15":{"start":{"line":20,"column":22},"end":{"line":28,"column":2}},"16":{"start":{"line":31,"column":0},"end":{"line":123,"column":null}},"17":{"start":{"line":34,"column":54},"end":{"line":34,"column":68}},"18":{"start":{"line":36,"column":4},"end":{"line":38,"column":null}},"19":{"start":{"line":37,"column":6},"end":{"line":37,"column":66}},"20":{"start":{"line":39,"column":4},"end":{"line":39,"column":52}},"21":{"start":{"line":46,"column":21},"end":{"line":46,"column":40}},"22":{"start":{"line":48,"column":18},"end":{"line":48,"column":36}},"23":{"start":{"line":49,"column":4},"end":{"line":49,"column":31}},"24":{"start":{"line":50,"column":4},"end":{"line":50,"column":29}},"25":{"start":{"line":51,"column":4},"end":{"line":51,"column":32}},"26":{"start":{"line":52,"column":4},"end":{"line":52,"column":33}},"27":{"start":{"line":53,"column":4},"end":{"line":53,"column":28}},"28":{"start":{"line":55,"column":19},"end":{"line":55,"column":37}},"29":{"start":{"line":56,"column":4},"end":{"line":56,"column":32}},"30":{"start":{"line":57,"column":4},"end":{"line":57,"column":30}},"31":{"start":{"line":58,"column":4},"end":{"line":58,"column":33}},"32":{"start":{"line":59,"column":4},"end":{"line":59,"column":35}},"33":{"start":{"line":60,"column":4},"end":{"line":60,"column":29}},"34":{"start":{"line":62,"column":4},"end":{"line":62,"column":22}},"35":{"start":{"line":66,"column":50},"end":{"line":66,"column":54}},"36":{"start":{"line":68,"column":4},"end":{"line":70,"column":null}},"37":{"start":{"line":69,"column":6},"end":{"line":69,"column":63}},"38":{"start":{"line":72,"column":25},"end":{"line":72,"column":44}},"39":{"start":{"line":74,"column":4},"end":{"line":76,"column":null}},"40":{"start":{"line":75,"column":6},"end":{"line":75,"column":62}},"41":{"start":{"line":78,"column":22},"end":{"line":78,"column":58}},"42":{"start":{"line":79,"column":22},"end":{"line":79,"column":67}},"43":{"start":{"line":81,"column":22},"end":{"line":87,"column":6}},"44":{"start":{"line":89,"column":22},"end":{"line":95,"column":6}},"45":{"start":{"line":97,"column":24},"end":{"line":97,"column":48}},"46":{"start":{"line":99,"column":4},"end":{"line":120,"column":null}},"47":{"start":{"line":100,"column":6},"end":{"line":117,"column":8}},"48":{"start":{"line":101,"column":8},"end":{"line":115,"column":null}},"49":{"start":{"line":110,"column":12},"end":{"line":112,"column":null}},"50":{"start":{"line":111,"column":14},"end":{"line":111,"column":33}},"51":{"start":{"line":113,"column":12},"end":{"line":113,"column":52}},"52":{"start":{"line":114,"column":12},"end":{"line":114,"column":22}},"53":{"start":{"line":119,"column":6},"end":{"line":119,"column":51}},"54":{"start":{"line":121,"column":4},"end":{"line":121,"column":16}},"55":{"start":{"line":31,"column":13},"end":{"line":123,"column":null}},"56":{"start":{"line":31,"column":13},"end":{"line":31,"column":23}}},"fnMap":{"0":{"name":"(anonymous_4)","decl":{"start":{"line":33,"column":2},"end":{"line":33,"column":null}},"loc":{"start":{"line":34,"column":68},"end":{"line":40,"column":3}}},"1":{"name":"(anonymous_5)","decl":{"start":{"line":42,"column":2},"end":{"line":42,"column":7}},"loc":{"start":{"line":42,"column":38},"end":{"line":63,"column":3}}},"2":{"name":"(anonymous_6)","decl":{"start":{"line":65,"column":2},"end":{"line":65,"column":7}},"loc":{"start":{"line":65,"column":36},"end":{"line":122,"column":3}}},"3":{"name":"(anonymous_7)","decl":{"start":{"line":100,"column":24},"end":{"line":100,"column":25}},"loc":{"start":{"line":101,"column":8},"end":{"line":115,"column":null}}},"4":{"name":"(anonymous_8)","decl":{"start":{"line":109,"column":10},"end":{"line":109,"column":11}},"loc":{"start":{"line":109,"column":25},"end":{"line":115,"column":11}}}},"branchMap":{"0":{"loc":{"start":{"line":18,"column":27},"end":{"line":18,"column":62}},"type":"binary-expr","locations":[{"start":{"line":18,"column":27},"end":{"line":18,"column":62}},{"start":{"line":18,"column":66},"end":{"line":18,"column":74}}]},"1":{"loc":{"start":{"line":36,"column":4},"end":{"line":38,"column":null}},"type":"if","locations":[{"start":{"line":36,"column":4},"end":{"line":38,"column":null}},{"start":{"line":36,"column":4},"end":{"line":38,"column":null}}]},"2":{"loc":{"start":{"line":36,"column":8},"end":{"line":36,"column":12}},"type":"binary-expr","locations":[{"start":{"line":36,"column":8},"end":{"line":36,"column":12}},{"start":{"line":36,"column":16},"end":{"line":36,"column":23}}]},"3":{"loc":{"start":{"line":68,"column":4},"end":{"line":70,"column":null}},"type":"if","locations":[{"start":{"line":68,"column":4},"end":{"line":70,"column":null}},{"start":{"line":68,"column":4},"end":{"line":70,"column":null}}]},"4":{"loc":{"start":{"line":74,"column":4},"end":{"line":76,"column":null}},"type":"if","locations":[{"start":{"line":74,"column":4},"end":{"line":76,"column":null}},{"start":{"line":74,"column":4},"end":{"line":76,"column":null}}]},"5":{"loc":{"start":{"line":84,"column":16},"end":{"line":84,"column":24}},"type":"binary-expr","locations":[{"start":{"line":84,"column":16},"end":{"line":84,"column":24}},{"start":{"line":84,"column":28},"end":{"line":84,"column":30}}]},"6":{"loc":{"start":{"line":92,"column":16},"end":{"line":92,"column":24}},"type":"binary-expr","locations":[{"start":{"line":92,"column":16},"end":{"line":92,"column":24}},{"start":{"line":92,"column":28},"end":{"line":92,"column":30}}]},"7":{"loc":{"start":{"line":99,"column":4},"end":{"line":120,"column":null}},"type":"if","locations":[{"start":{"line":99,"column":4},"end":{"line":120,"column":null}},{"start":{"line":99,"column":4},"end":{"line":120,"column":null}}]},"8":{"loc":{"start":{"line":110,"column":12},"end":{"line":112,"column":null}},"type":"if","locations":[{"start":{"line":110,"column":12},"end":{"line":112,"column":null}},{"start":{"line":110,"column":12},"end":{"line":112,"column":null}}]}},"s":{"0":1,"1":1,"2":1,"3":1,"4":1,"5":1,"6":1,"7":1,"8":1,"9":1,"10":1,"11":1,"12":1,"13":1,"14":1,"15":1,"16":1,"17":0,"18":0,"19":0,"20":0,"21":0,"22":0,"23":0,"24":0,"25":0,"26":0,"27":0,"28":0,"29":0,"30":0,"31":0,"32":0,"33":0,"34":0,"35":0,"36":0,"37":0,"38":0,"39":0,"40":0,"41":0,"42":0,"43":0,"44":0,"45":0,"46":0,"47":0,"48":0,"49":0,"50":0,"51":0,"52":0,"53":0,"54":0,"55":1,"56":1},"f":{"0":0,"1":0,"2":0,"3":0,"4":0},"b":{"0":[1,0],"1":[0,0],"2":[0,0],"3":[0,0],"4":[0,0],"5":[0,0],"6":[0,0],"7":[0,0],"8":[0,0]}}
,"/home/defiance/Desktop/zeebe-nestjs-transactional-email-service/backend/src/templates/index.ts": {"path":"/home/defiance/Desktop/zeebe-nestjs-transactional-email-service/backend/src/templates/index.ts","statementMap":{"0":{"start":{"line":1,"column":13},"end":{"line":32,"column":2}}},"fnMap":{},"branchMap":{},"s":{"0":1},"f":{},"b":{}}
}
